{"C:\\Users\\user\\Jest-Testing-Practice\\js\\calculator.js": {"path":"C:\\Users\\user\\Jest-Testing-Practice\\js\\calculator.js","statementMap":{"0":{"start":{"line":1,"column":20},"end":{"line":25,"column":1}},"1":{"start":{"line":2,"column":28},"end":{"line":2,"column":39}},"2":{"start":{"line":4,"column":31},"end":{"line":4,"column":42}},"3":{"start":{"line":7,"column":4},"end":{"line":11,"column":5}},"4":{"start":{"line":8,"column":6},"end":{"line":8,"column":14}},"5":{"start":{"line":10,"column":6},"end":{"line":10,"column":24}},"6":{"start":{"line":15,"column":4},"end":{"line":23,"column":5}},"7":{"start":{"line":16,"column":6},"end":{"line":16,"column":15}},"8":{"start":{"line":17,"column":11},"end":{"line":23,"column":5}},"9":{"start":{"line":18,"column":6},"end":{"line":18,"column":36}},"10":{"start":{"line":19,"column":11},"end":{"line":23,"column":5}},"11":{"start":{"line":20,"column":6},"end":{"line":20,"column":36}},"12":{"start":{"line":22,"column":6},"end":{"line":22,"column":24}},"13":{"start":{"line":27,"column":0},"end":{"line":27,"column":28}}},"fnMap":{"0":{"name":"(anonymous_0)","decl":{"start":{"line":2,"column":12},"end":{"line":2,"column":13}},"loc":{"start":{"line":2,"column":28},"end":{"line":2,"column":39}},"line":2},"1":{"name":"(anonymous_1)","decl":{"start":{"line":4,"column":15},"end":{"line":4,"column":16}},"loc":{"start":{"line":4,"column":31},"end":{"line":4,"column":42}},"line":4},"2":{"name":"(anonymous_2)","decl":{"start":{"line":6,"column":18},"end":{"line":6,"column":19}},"loc":{"start":{"line":6,"column":34},"end":{"line":12,"column":3}},"line":6},"3":{"name":"(anonymous_3)","decl":{"start":{"line":14,"column":12},"end":{"line":14,"column":13}},"loc":{"start":{"line":14,"column":28},"end":{"line":24,"column":3}},"line":14}},"branchMap":{"0":{"loc":{"start":{"line":7,"column":4},"end":{"line":11,"column":5}},"type":"if","locations":[{"start":{"line":7,"column":4},"end":{"line":11,"column":5}},{"start":{"line":9,"column":11},"end":{"line":11,"column":5}}],"line":7},"1":{"loc":{"start":{"line":7,"column":7},"end":{"line":7,"column":31}},"type":"binary-expr","locations":[{"start":{"line":7,"column":7},"end":{"line":7,"column":17}},{"start":{"line":7,"column":21},"end":{"line":7,"column":31}}],"line":7},"2":{"loc":{"start":{"line":15,"column":4},"end":{"line":23,"column":5}},"type":"if","locations":[{"start":{"line":15,"column":4},"end":{"line":23,"column":5}},{"start":{"line":17,"column":11},"end":{"line":23,"column":5}}],"line":15},"3":{"loc":{"start":{"line":17,"column":11},"end":{"line":23,"column":5}},"type":"if","locations":[{"start":{"line":17,"column":11},"end":{"line":23,"column":5}},{"start":{"line":19,"column":11},"end":{"line":23,"column":5}}],"line":17},"4":{"loc":{"start":{"line":19,"column":11},"end":{"line":23,"column":5}},"type":"if","locations":[{"start":{"line":19,"column":11},"end":{"line":23,"column":5}},{"start":{"line":21,"column":11},"end":{"line":23,"column":5}}],"line":19},"5":{"loc":{"start":{"line":19,"column":14},"end":{"line":19,"column":38}},"type":"binary-expr","locations":[{"start":{"line":19,"column":14},"end":{"line":19,"column":24}},{"start":{"line":19,"column":28},"end":{"line":19,"column":38}}],"line":19}},"s":{"0":1,"1":5,"2":5,"3":5,"4":2,"5":3,"6":6,"7":1,"8":5,"9":1,"10":4,"11":0,"12":4,"13":1},"f":{"0":5,"1":5,"2":5,"3":6},"b":{"0":[2,3],"1":[5,5],"2":[1,5],"3":[1,4],"4":[0,4],"5":[4,0]},"_coverageSchema":"1a1c01bbd47fc00a2c39e90264f33305004495a9","hash":"703900770acade16a2aa76eaf62ad40e140ff049"}
,"C:\\Users\\user\\Jest-Testing-Practice\\js\\capitalize.js": {"path":"C:\\Users\\user\\Jest-Testing-Practice\\js\\capitalize.js","statementMap":{"0":{"start":{"line":1,"column":19},"end":{"line":3,"column":1}},"1":{"start":{"line":2,"column":2},"end":{"line":2,"column":58}},"2":{"start":{"line":5,"column":0},"end":{"line":5,"column":27}}},"fnMap":{"0":{"name":"(anonymous_0)","decl":{"start":{"line":1,"column":19},"end":{"line":1,"column":20}},"loc":{"start":{"line":1,"column":32},"end":{"line":3,"column":1}},"line":1}},"branchMap":{},"s":{"0":1,"1":4,"2":1},"f":{"0":4},"b":{},"_coverageSchema":"1a1c01bbd47fc00a2c39e90264f33305004495a9","hash":"eb34eb16c61884eb16b27eec8cf368ce43a82077"}
,"C:\\Users\\user\\Jest-Testing-Practice\\js\\reverseString.js": {"path":"C:\\Users\\user\\Jest-Testing-Practice\\js\\reverseString.js","statementMap":{"0":{"start":{"line":5,"column":22},"end":{"line":11,"column":1}},"1":{"start":{"line":6,"column":18},"end":{"line":6,"column":20}},"2":{"start":{"line":7,"column":2},"end":{"line":9,"column":3}},"3":{"start":{"line":7,"column":14},"end":{"line":7,"column":30}},"4":{"start":{"line":8,"column":4},"end":{"line":8,"column":26}},"5":{"start":{"line":10,"column":2},"end":{"line":10,"column":18}},"6":{"start":{"line":13,"column":0},"end":{"line":13,"column":30}}},"fnMap":{"0":{"name":"(anonymous_0)","decl":{"start":{"line":5,"column":22},"end":{"line":5,"column":23}},"loc":{"start":{"line":5,"column":34},"end":{"line":11,"column":1}},"line":5}},"branchMap":{},"s":{"0":1,"1":3,"2":3,"3":3,"4":17,"5":3,"6":1},"f":{"0":3},"b":{},"_coverageSchema":"1a1c01bbd47fc00a2c39e90264f33305004495a9","hash":"b91fbd83109de41e910edf4b05ce5fbe0a52c18e"}
,"C:\\Users\\user\\Jest-Testing-Practice\\js\\stringLength.js": {"path":"C:\\Users\\user\\Jest-Testing-Practice\\js\\stringLength.js","statementMap":{"0":{"start":{"line":2,"column":21},"end":{"line":8,"column":1}},"1":{"start":{"line":3,"column":2},"end":{"line":7,"column":4}},"2":{"start":{"line":4,"column":5},"end":{"line":4,"column":25}},"3":{"start":{"line":6,"column":5},"end":{"line":6,"column":30}},"4":{"start":{"line":11,"column":0},"end":{"line":11,"column":29}}},"fnMap":{"0":{"name":"(anonymous_0)","decl":{"start":{"line":2,"column":21},"end":{"line":2,"column":22}},"loc":{"start":{"line":2,"column":33},"end":{"line":8,"column":1}},"line":2}},"branchMap":{"0":{"loc":{"start":{"line":3,"column":2},"end":{"line":7,"column":4}},"type":"if","locations":[{"start":{"line":3,"column":2},"end":{"line":7,"column":4}},{"start":{"line":5,"column":10},"end":{"line":7,"column":4}}],"line":3},"1":{"loc":{"start":{"line":3,"column":5},"end":{"line":3,"column":44}},"type":"binary-expr","locations":[{"start":{"line":3,"column":5},"end":{"line":3,"column":22}},{"start":{"line":3,"column":26},"end":{"line":3,"column":44}}],"line":3}},"s":{"0":1,"1":4,"2":2,"3":2,"4":1},"f":{"0":4},"b":{"0":[2,2],"1":[4,3]},"_coverageSchema":"1a1c01bbd47fc00a2c39e90264f33305004495a9","hash":"c92dce4fc1b729bfabbc40cc574644ca3743542b"}
}
