{"C:\\Users\\user\\Jest-Testing-Practice\\js\\stringLength.js": {"path":"C:\\Users\\user\\Jest-Testing-Practice\\js\\stringLength.js","statementMap":{"0":{"start":{"line":1,"column":21},"end":{"line":6,"column":1}},"1":{"start":{"line":2,"column":3},"end":{"line":4,"column":4}},"2":{"start":{"line":3,"column":5},"end":{"line":3,"column":30}},"3":{"start":{"line":5,"column":3},"end":{"line":5,"column":23}},"4":{"start":{"line":9,"column":0},"end":{"line":9,"column":29}}},"fnMap":{"0":{"name":"(anonymous_0)","decl":{"start":{"line":1,"column":21},"end":{"line":1,"column":22}},"loc":{"start":{"line":1,"column":33},"end":{"line":6,"column":1}},"line":1}},"branchMap":{"0":{"loc":{"start":{"line":2,"column":3},"end":{"line":4,"column":4}},"type":"if","locations":[{"start":{"line":2,"column":3},"end":{"line":4,"column":4}},{"start":{},"end":{}}],"line":2},"1":{"loc":{"start":{"line":2,"column":7},"end":{"line":2,"column":46}},"type":"binary-expr","locations":[{"start":{"line":2,"column":7},"end":{"line":2,"column":24}},{"start":{"line":2,"column":28},"end":{"line":2,"column":46}}],"line":2}},"s":{"0":1,"1":4,"2":1,"3":3,"4":1},"f":{"0":4},"b":{"0":[1,3],"1":[4,4]},"_coverageSchema":"1a1c01bbd47fc00a2c39e90264f33305004495a9","hash":"16cdcd5dbffddb2df962d83ed91a4dc3a7c6f6a8"}
}
