TN:
SF:js\calculator.js
FN:2,(anonymous_0)
FN:4,(anonymous_1)
FN:6,(anonymous_2)
FN:14,(anonymous_3)
FNF:4
FNH:4
FNDA:5,(anonymous_0)
FNDA:5,(anonymous_1)
FNDA:5,(anonymous_2)
FNDA:6,(anonymous_3)
DA:1,1
DA:2,5
DA:4,5
DA:7,5
DA:8,2
DA:10,3
DA:15,6
DA:16,1
DA:17,5
DA:18,1
DA:19,4
DA:20,0
DA:22,4
DA:27,1
LF:14
LH:13
BRDA:7,0,0,2
BRDA:7,0,1,3
BRDA:7,1,0,5
BRDA:7,1,1,5
BRDA:15,2,0,1
BRDA:15,2,1,5
BRDA:17,3,0,1
BRDA:17,3,1,4
BRDA:19,4,0,0
BRDA:19,4,1,4
BRDA:19,5,0,4
BRDA:19,5,1,0
BRF:12
BRH:10
end_of_record
TN:
SF:js\capitalize.js
FN:1,(anonymous_0)
FNF:1
FNH:1
FNDA:4,(anonymous_0)
DA:1,1
DA:2,4
DA:5,1
LF:3
LH:3
BRF:0
BRH:0
end_of_record
TN:
SF:js\reverseString.js
FN:5,(anonymous_0)
FNF:1
FNH:1
FNDA:3,(anonymous_0)
DA:5,1
DA:6,3
DA:7,3
DA:8,17
DA:10,3
DA:13,1
LF:6
LH:6
BRF:0
BRH:0
end_of_record
TN:
SF:js\stringLength.js
FN:2,(anonymous_0)
FNF:1
FNH:1
FNDA:4,(anonymous_0)
DA:2,1
DA:3,4
DA:4,2
DA:6,2
DA:11,1
LF:5
LH:5
BRDA:3,0,0,2
BRDA:3,0,1,2
BRDA:3,1,0,4
BRDA:3,1,1,3
BRF:4
BRH:4
end_of_record
